<?xml version="1.0" encoding="UTF-8"?>
<testsuite xmlns:xsi="http://www.w3.org/2001/XMLSchema-instance" xsi:noNamespaceSchemaLocation="https://maven.apache.org/surefire/maven-surefire-plugin/xsd/surefire-test-report-3.0.xsd" version="3.0" name="com.flights.booking.service.BookingServiceTest" time="1.019" tests="6" errors="0" skipped="0" failures="0">
  <properties>
[...]
</properties>
  <testcase name="cancelBooking_success_releasesSeats" classname="com.flights.booking.service.BookingServiceTest" time="0.64"/>
  <testcase name="cancelBooking_alreadyCancelledThrows" classname="com.flights.booking.service.BookingServiceTest" time="0.073"/>
  <testcase name="createBooking_success" classname="com.flights.booking.service.BookingServiceTest" time="0.017"/>
  <testcase name="createBooking_overbookingPrevented" classname="com.flights.booking.service.BookingServiceTest" time="0.004"/>
  <testcase name="cancelledSeats_allowRebooking" classname="com.flights.booking.service.BookingServiceTest" time="0.004"/>
  <testcase name="createBooking_flightNotFound" classname="com.flights.booking.service.BookingServiceTest" time="0.006"/>
</testsuite>